[2025-03-18 13:14:50] [INFO] [main] com.learnfy.Log - Arquivo que será lido: ENEM 2021
[2025-03-18 13:14:50] [INFO] [main] com.learnfy.Log - Planilha atual: Notas por Área de Conhecimento
[2025-03-18 13:14:50] [INFO] [main] com.learnfy.Log - Coletando dados da coluna Escola, Dado coletado - Escola Estrela do Saber
[2025-03-18 13:14:51] [INFO] [main] com.learnfy.Log - Coletando dados da coluna Escola, Dado coletado - Instituto Aurora
[2025-03-18 13:14:51] [INFO] [main] com.learnfy.Log - Coletando dados da coluna Escola, Dado coletado - Escola do Sol Nascente
[2025-03-18 13:14:52] [INFO] [main] com.learnfy.Log - Coletando dados da coluna Escola, Dado coletado - null
[2025-03-18 13:14:52] [INFO] [main] com.learnfy.Log - Coletando dados da coluna Escola, Dado coletado - Escola Jardim das Letras
[2025-03-18 13:14:53] [INFO] [main] com.learnfy.Log - Coletando dados da coluna Escola, Dado coletado - Instituto Einstein
[2025-03-18 13:14:53] [INFO] [main] com.learnfy.Log - Coletando dados da coluna Escola, Dado coletado - Colégio Pioneiros da Educação
[2025-03-18 13:14:54] [INFO] [main] com.learnfy.Log - Coletando dados da coluna Escola, Dado coletado - Escola do Amanhã
[2025-03-18 13:14:54] [INFO] [main] com.learnfy.Log - Coletando dados da coluna Escola, Dado coletado - Colégio das Águas Claras
[2025-03-18 13:14:55] [INFO] [main] com.learnfy.Log - Coletando dados da coluna Escola, Dado coletado - Escola Monte Verde
[2025-03-18 13:14:55] [INFO] [main] com.learnfy.Log - Coletando dados da coluna Escola, Dado coletado - Instituto Futuro Brilhante
[2025-03-18 13:14:56] [INFO] [main] com.learnfy.Log - Coletando dados da coluna Escola, Dado coletado - Colégio Arco-Íris
[2025-03-18 13:14:56] [INFO] [main] com.learnfy.Log - Coletando dados da coluna Escola, Dado coletado - Escola de Excelência
[2025-03-18 13:14:57] [INFO] [main] com.learnfy.Log - Coletando dados da coluna Escola, Dado coletado - Instituto São Pedro
[2025-03-18 13:14:57] [INFO] [main] com.learnfy.Log - Coletando dados da coluna Escola, Dado coletado - Colégio Nova Geração
[2025-03-18 13:14:58] [INFO] [main] com.learnfy.Log - Coletando dados da coluna Escola, Dado coletado - Escola Viver e Aprender
[2025-03-18 13:14:58] [INFO] [main] com.learnfy.Log - Coletando dados da coluna Escola, Dado coletado - Instituto Educacional Flor do Campo
[2025-03-18 13:14:59] [INFO] [main] com.learnfy.Log - Coletando dados da coluna Escola, Dado coletado - Colégio Lumiar
[2025-03-18 13:14:59] [INFO] [main] com.learnfy.Log - Coletando dados da coluna Escola, Dado coletado - Escola Brilho do Conhecimento
[2025-03-18 13:15:00] [INFO] [main] com.learnfy.Log - Coletando dados da coluna Escola, Dado coletado - Instituto Mente Aberta
[2025-03-18 13:15:00] [INFO] [main] com.learnfy.Log - Coletando dados da coluna Escola, Dado coletado - Colégio Valor e Virtude
[2025-03-18 13:15:01] [INFO] [main] com.learnfy.Log - Coletando dados da coluna Escola, Dado coletado - Escola Vida Plena
[2025-03-18 13:15:01] [INFO] [main] com.learnfy.Log - Coletando dados da coluna Escola, Dado coletado - Instituto Integração
[2025-03-18 13:15:02] [INFO] [main] com.learnfy.Log - Coletando dados da coluna Escola, Dado coletado - Colégio Paz e Saber
[2025-03-18 13:15:02] [INFO] [main] com.learnfy.Log - Coletando dados da coluna Escola, Dado coletado - Escola de Talentos
[2025-03-18 13:15:03] [INFO] [main] com.learnfy.Log - Coletando dados da coluna Escola, Dado coletado - Instituto Evolução
[2025-03-18 13:15:03] [INFO] [main] com.learnfy.Log - Coletando dados da coluna Escola, Dado coletado - Colégio Criar e Aprender
[2025-03-18 13:15:04] [INFO] [main] com.learnfy.Log - Coletando dados da coluna Escola, Dado coletado - Escola da Esperança
[2025-03-18 13:15:04] [INFO] [main] com.learnfy.Log - Coletando dados da coluna Escola, Dado coletado - Instituto Raízes do Saber
[2025-03-18 13:15:05] [INFO] [main] com.learnfy.Log - Dados coletados: 30 | Células Vazias: 1
[2025-03-18 13:15:05] [INFO] [main] com.learnfy.Log - Coletando dados da coluna Idade, Dado coletado - 26
[2025-03-18 13:15:05] [INFO] [main] com.learnfy.Log - Coletando dados da coluna Idade, Dado coletado - 35
[2025-03-18 13:15:06] [INFO] [main] com.learnfy.Log - Coletando dados da coluna Idade, Dado coletado - 42
[2025-03-18 13:15:06] [INFO] [main] com.learnfy.Log - Coletando dados da coluna Idade, Dado coletado - 26
[2025-03-18 13:15:07] [INFO] [main] com.learnfy.Log - Coletando dados da coluna Idade, Dado coletado - 36
[2025-03-18 13:15:07] [INFO] [main] com.learnfy.Log - Coletando dados da coluna Idade, Dado coletado - 27
[2025-03-18 13:15:08] [INFO] [main] com.learnfy.Log - Coletando dados da coluna Idade, Dado coletado - 42
[2025-03-18 13:15:08] [INFO] [main] com.learnfy.Log - Coletando dados da coluna Idade, Dado coletado - 23
[2025-03-18 13:15:09] [INFO] [main] com.learnfy.Log - Coletando dados da coluna Idade, Dado coletado - 42
[2025-03-18 13:15:09] [INFO] [main] com.learnfy.Log - Coletando dados da coluna Idade, Dado coletado - 42
[2025-03-18 13:15:10] [INFO] [main] com.learnfy.Log - Coletando dados da coluna Idade, Dado coletado - 30
[2025-03-18 13:15:10] [INFO] [main] com.learnfy.Log - Coletando dados da coluna Idade, Dado coletado - 19
[2025-03-18 13:15:11] [INFO] [main] com.learnfy.Log - Coletando dados da coluna Idade, Dado coletado - 35
[2025-03-18 13:15:11] [INFO] [main] com.learnfy.Log - Coletando dados da coluna Idade, Dado coletado - 31
[2025-03-18 13:15:12] [INFO] [main] com.learnfy.Log - Coletando dados da coluna Idade, Dado coletado - 37
[2025-03-18 13:15:12] [INFO] [main] com.learnfy.Log - Coletando dados da coluna Idade, Dado coletado - 33
[2025-03-18 13:15:13] [INFO] [main] com.learnfy.Log - Coletando dados da coluna Idade, Dado coletado - 19
[2025-03-18 13:15:13] [INFO] [main] com.learnfy.Log - Coletando dados da coluna Idade, Dado coletado - 19
[2025-03-18 13:15:14] [INFO] [main] com.learnfy.Log - Coletando dados da coluna Idade, Dado coletado - 37
[2025-03-18 13:15:14] [INFO] [main] com.learnfy.Log - Coletando dados da coluna Idade, Dado coletado - null
[2025-03-18 13:15:15] [INFO] [main] com.learnfy.Log - Coletando dados da coluna Idade, Dado coletado - 31
[2025-03-18 13:15:15] [INFO] [main] com.learnfy.Log - Coletando dados da coluna Idade, Dado coletado - 36
[2025-03-18 13:15:16] [INFO] [main] com.learnfy.Log - Coletando dados da coluna Idade, Dado coletado - 19
[2025-03-18 13:15:16] [INFO] [main] com.learnfy.Log - Coletando dados da coluna Idade, Dado coletado - null
[2025-03-18 13:15:17] [INFO] [main] com.learnfy.Log - Coletando dados da coluna Idade, Dado coletado - 38
[2025-03-18 13:15:17] [INFO] [main] com.learnfy.Log - Coletando dados da coluna Idade, Dado coletado - 38
[2025-03-18 13:15:18] [INFO] [main] com.learnfy.Log - Coletando dados da coluna Idade, Dado coletado - 36
[2025-03-18 13:15:18] [INFO] [main] com.learnfy.Log - Coletando dados da coluna Idade, Dado coletado - null
[2025-03-18 13:15:19] [INFO] [main] com.learnfy.Log - Coletando dados da coluna Idade, Dado coletado - 40
[2025-03-18 13:15:19] [INFO] [main] com.learnfy.Log - Dados coletados: 30 | Células Vazias: 3
[2025-03-18 13:15:19] [INFO] [main] com.learnfy.Log - Coletando dados da coluna NotaMatemática, Dado coletado - 100
[2025-03-18 13:15:20] [INFO] [main] com.learnfy.Log - Coletando dados da coluna NotaMatemática, Dado coletado - 100
[2025-03-18 13:15:20] [INFO] [main] com.learnfy.Log - Coletando dados da coluna NotaMatemática, Dado coletado - 100
[2025-03-18 13:15:21] [INFO] [main] com.learnfy.Log - Coletando dados da coluna NotaMatemática, Dado coletado - 100
[2025-03-18 13:15:21] [INFO] [main] com.learnfy.Log - Coletando dados da coluna NotaMatemática, Dado coletado - 100
[2025-03-18 13:15:22] [INFO] [main] com.learnfy.Log - Coletando dados da coluna NotaMatemática, Dado coletado - 100
[2025-03-18 13:15:22] [INFO] [main] com.learnfy.Log - Coletando dados da coluna NotaMatemática, Dado coletado - 100
[2025-03-18 13:15:23] [INFO] [main] com.learnfy.Log - Coletando dados da coluna NotaMatemática, Dado coletado - 100
[2025-03-18 13:15:23] [INFO] [main] com.learnfy.Log - Coletando dados da coluna NotaMatemática, Dado coletado - 100
[2025-03-18 13:15:24] [INFO] [main] com.learnfy.Log - Coletando dados da coluna NotaMatemática, Dado coletado - 100
[2025-03-18 13:15:24] [INFO] [main] com.learnfy.Log - Coletando dados da coluna NotaMatemática, Dado coletado - 100
[2025-03-18 13:15:25] [INFO] [main] com.learnfy.Log - Coletando dados da coluna NotaMatemática, Dado coletado - 100
[2025-03-18 13:15:25] [INFO] [main] com.learnfy.Log - Coletando dados da coluna NotaMatemática, Dado coletado - 100
[2025-03-18 13:15:26] [INFO] [main] com.learnfy.Log - Coletando dados da coluna NotaMatemática, Dado coletado - 100
[2025-03-18 13:15:26] [INFO] [main] com.learnfy.Log - Coletando dados da coluna NotaMatemática, Dado coletado - 100
[2025-03-18 13:15:27] [INFO] [main] com.learnfy.Log - Coletando dados da coluna NotaMatemática, Dado coletado - null
[2025-03-18 13:15:27] [INFO] [main] com.learnfy.Log - Coletando dados da coluna NotaMatemática, Dado coletado - 100
[2025-03-18 13:15:28] [INFO] [main] com.learnfy.Log - Coletando dados da coluna NotaMatemática, Dado coletado - 100
[2025-03-18 13:15:28] [INFO] [main] com.learnfy.Log - Coletando dados da coluna NotaMatemática, Dado coletado - 100
[2025-03-18 13:15:29] [INFO] [main] com.learnfy.Log - Coletando dados da coluna NotaMatemática, Dado coletado - 100
